<?xml version="1.0" encoding="UTF-8"?>
<!-- Generated by org.testng.reporters.JUnitXMLReporter -->
<testsuite ignored="0" hostname="LAPTOP-KRS46SN9" failures="0" tests="8" name="Default test" time="9.863" errors="0" timestamp="2021-11-29T20:46:13 IST">
  <testcase classname="com.testng_project.Runner_testng" name="Credentials" time="0.748"/>
  <testcase classname="com.testng_project.Runner_testng" name="Search_hotel" time="0.999"/>
  <testcase classname="com.testng_project.Runner_testng" name="book_hotel" time="1.0"/>
  <testcase classname="com.testng_project.Runner_testng" name="booking_Confirm" time="6.034"/>
  <testcase classname="com.testng_project.Runner_testng" name="takepic" time="0.278"/>
  <testcase classname="com.testng_project.Runner_testng" name="takepic" time="0.268"/>
  <testcase classname="com.testng_project.Runner_testng" name="takepic" time="0.23"/>
  <testcase classname="com.testng_project.Runner_testng" name="logout" time="0.267"/>
</testsuite> <!-- Default test -->
